Arguments: 
  D:\node-v10.0.0-win-x64\node.exe D:\node-v10.0.0-win-x64\node_modules\yarn\bin\yarn.js add find-up

PATH: 
  C:\Windows\system32;C:\Windows;C:\Windows\System32\Wbem;C:\Windows\System32\WindowsPowerShell\v1.0\;C:\Windows\System32\OpenSSH\;C:\Program Files (x86)\NVIDIA Corporation\PhysX\Common;D:\Program Files (x86)\Git\cmd;D:\Program Files\MongoDB\Server\4.0\bin;D:\phpStudy\php\php-5.6.27-nts;D:\phpStudy\php\php-5.6.27-nts;C:\Users\Administrator\AppData\Roaming\npm;D:\node-v10.0.0-win-x64;C:\Users\Administrator\AppData\Local\Yarn\bin;C:\Users\Administrator\AppData\Local\Microsoft\WindowsApps;D:\Program Files\MongoDB\Server\4.0\bin;D:\phpStudy\php\php-5.6.27-nts;

Yarn version: 
  1.16.0

Node version: 
  10.0.0

Platform: 
  win32 x64

Trace: 
  Error: ENOENT: no such file or directory, copyfile 'C:\Users\Administrator\AppData\Local\Yarn\Cache\v4\npm-ssri-5.3.0-ba3872c9c6d33a0704a7d71ff045e5ec48999d06\node_modules\ssri\CHANGELOG.md' -> 'F:\thb_admin_antd_pro\node_modules\uglifyjs-webpack-plugin\node_modules\ssri\CHANGELOG.md'

npm manifest: 
  {
    "name": "ant-design-pro",
    "version": "2.3.1",
    "private": true,
    "description": "An out-of-box UI solution for enterprise applications",
    "scripts": {
      "analyze": "cross-env ANALYZE=1 umi build",
      "build": "umi build",
      "docker-hub:build": "docker build  -f Dockerfile.hub -t  ant-design-pro ./",
      "docker-prod:build": "docker-compose -f ./docker/docker-compose.yml build",
      "docker-prod:dev": "docker-compose -f ./docker/docker-compose.yml up",
      "docker:build": "docker-compose -f ./docker/docker-compose.dev.yml build",
      "docker:dev": "docker-compose -f ./docker/docker-compose.dev.yml up",
      "docker:push": "npm run docker-hub:build && npm run docker:tag && docker push antdesign/ant-design-pro",
      "docker:tag": "docker tag ant-design-pro antdesign/ant-design-pro",
      "functions:build": "npm run generateMock && netlify-lambda build ./lambda",
      "functions:run": "npm run generateMock && cross-env NODE_ENV=dev netlify-lambda serve ./lambda",
      "generateMock": "node ./scripts/generateMock",
      "lint": "eslint --ext .js src mock tests && npm run lint:style && npm run lint:prettier",
      "lint-staged": "lint-staged",
      "lint-staged:js": "eslint --ext .js",
      "lint:fix": "eslint --fix --ext .js src mock tests && stylelint --fix 'src/**/*.less' --syntax less",
      "lint:prettier": "check-prettier lint",
      "lint:style": "stylelint 'src/**/*.less' --syntax less",
      "prettier": "node ./scripts/prettier.js",
      "site": "umi build && npm run functions:build",
      "start": "umi dev",
      "start:no-mock": "cross-env MOCK=none umi dev",
      "test": "umi test",
      "test:all": "node ./tests/run-tests.js",
      "test:component": "umi test ./src/components",
      "tslint": "npm run tslint:fix",
      "tslint:fix": "tslint --fix 'src/**/*.ts*'"
    },
    "husky": {
      "hooks": {
        "pre-commit": "npm run lint-staged"
      }
    },
    "lint-staged": {
      "**/*.less": "stylelint --syntax less",
      "**/*.{js,jsx}": "npm run lint-staged:js",
      "**/*.{js,ts,tsx,json,jsx,less}": [
        "node ./scripts/lint-prettier.js",
        "git add"
      ]
    },
    "browserslist": [
      "> 1%",
      "last 2 versions",
      "not ie <= 10"
    ],
    "dependencies": {
      "@antv/data-set": "^0.10.1",
      "antd": "^3.16.1",
      "bizcharts": "^3.5.3-beta.0",
      "bizcharts-plugin-slider": "^2.1.1-beta.1",
      "classnames": "^2.2.6",
      "dva": "^2.4.1",
      "enquire-js": "^0.2.1",
      "express": "^4.16.4",
      "gg-editor": "^2.0.2",
      "lodash": "^4.17.11",
      "lodash-decorators": "^6.0.1",
      "memoize-one": "^5.0.0",
      "moment": "^2.24.0",
      "netlify-lambda": "^1.4.3",
      "numeral": "^2.0.6",
      "nzh": "^1.0.4",
      "omit.js": "^1.0.0",
      "path-to-regexp": "^3.0.0",
      "prop-types": "^15.6.2",
      "qs": "^6.6.0",
      "rc-animate": "^2.6.0",
      "react": "^16.7.0",
      "react-container-query": "^0.11.0",
      "react-copy-to-clipboard": "^5.0.1",
      "react-document-title": "^2.0.3",
      "react-dom": "^16.7.0",
      "react-fittext": "^1.0.0",
      "react-media": "^1.9.2",
      "resize-observer-polyfill": "^1.5.1",
      "umi": "^2.4.4",
      "umi-plugin-react": "^1.7.2",
      "umi-request": "^1.0.5"
    },
    "devDependencies": {
      "@types/history": "^4.7.2",
      "@types/react": "^16.8.1",
      "@types/react-dom": "^16.0.11",
      "antd-pro-merge-less": "^1.0.0",
      "antd-theme-webpack-plugin": "^1.2.0",
      "babel-eslint": "^10.0.1",
      "chalk": "^2.4.2",
      "check-prettier": "^1.0.1",
      "cross-env": "^5.2.0",
      "cross-port-killer": "^1.0.1",
      "crypto-js": "^3.1.9-1",
      "enzyme": "^3.9.0",
      "eslint": "^5.13.0",
      "eslint-config-airbnb": "^17.1.0",
      "eslint-config-prettier": "^4.1.0",
      "eslint-plugin-babel": "^5.3.0",
      "eslint-plugin-compat": "^2.6.3",
      "eslint-plugin-import": "^2.16.0",
      "eslint-plugin-jsx-a11y": "^6.2.1",
      "eslint-plugin-markdown": "^1.0.0",
      "eslint-plugin-react": "^7.12.4",
      "gh-pages": "^2.0.1",
      "husky": "^2.2.0",
      "jest-puppeteer": "^4.1.0",
      "jsdom-global": "^3.0.2",
      "less": "^3.9.0",
      "lint-staged": "^8.1.1",
      "merge-umi-mock-data": "^1.0.4",
      "mockjs": "^1.0.1-beta3",
      "prettier": "^1.17.0",
      "serverless-http": "^2.0.1",
      "slash2": "^2.0.0",
      "store": "^2.0.12",
      "stylelint": "^9.10.1",
      "stylelint-config-css-modules": "^1.3.0",
      "stylelint-config-prettier": "^5.0.0",
      "stylelint-config-rational-order": "^0.1.0",
      "stylelint-config-standard": "^18.2.0",
      "stylelint-declaration-block-no-ignored-properties": "^2.1.0",
      "stylelint-order": "^2.0.0",
      "tslint": "^5.12.1",
      "tslint-config-prettier": "^1.17.0",
      "tslint-react": "^3.6.0",
      "umi-plugin-ga": "^1.1.3"
    },
    "optionalDependencies": {
      "puppeteer": "^1.12.1"
    },
    "engines": {
      "node": ">=10.0.0"
    },
    "checkFiles": [
      "src/**/*.js*",
      "src/**/*.ts*",
      "src/**/*.less",
      "config/**/*.js*",
      "scripts/**/*.js"
    ],
    "main": "index.js",
    "repository": "https://github.com/ant-design/ant-design-pro.git",
    "author": "Pyy-admin <1141135258@qq.com>",
    "license": "MIT"
  }

yarn manifest: 
  No manifest

Lockfile: 
  No lockfile
